0 info it worked if it ends with ok
1 verbose cli [ 'c:\\Program Files\\nodejs\\node.exe',
1 verbose cli   'c:\\Program Files\\nodejs\\node_modules\\npm\\bin\\npm-cli.js',
1 verbose cli   'publish' ]
2 info using npm@1.4.21
3 info using node@v0.10.30
4 verbose publish [ '.' ]
5 verbose cache add [ '.', null ]
6 verbose cache add name=undefined spec="." args=[".",null]
7 verbose parsed url { protocol: null,
7 verbose parsed url   slashes: null,
7 verbose parsed url   auth: null,
7 verbose parsed url   host: null,
7 verbose parsed url   port: null,
7 verbose parsed url   hostname: null,
7 verbose parsed url   hash: null,
7 verbose parsed url   search: null,
7 verbose parsed url   query: null,
7 verbose parsed url   pathname: '.',
7 verbose parsed url   path: '.',
7 verbose parsed url   href: '.' }
8 silly lockFile 3a52ce78- .
9 verbose lock . C:\Users\Pouria\AppData\Roaming\npm-cache\3a52ce78-.lock
10 verbose tar pack [ 'C:\\Users\\Pouria\\AppData\\Roaming\\npm-cache\\anime\\0.0.1\\package.tgz',
10 verbose tar pack   '.' ]
11 verbose tarball C:\Users\Pouria\AppData\Roaming\npm-cache\anime\0.0.1\package.tgz
12 verbose folder .
13 info prepublish anime@0.0.1
14 silly lockFile 1f1177db-tar tar://.
15 verbose lock tar://. C:\Users\Pouria\AppData\Roaming\npm-cache\1f1177db-tar.lock
16 silly lockFile fbe1019c-pm-cache-anime-0-0-1-package-tgz tar://C:\Users\Pouria\AppData\Roaming\npm-cache\anime\0.0.1\package.tgz
17 verbose lock tar://C:\Users\Pouria\AppData\Roaming\npm-cache\anime\0.0.1\package.tgz C:\Users\Pouria\AppData\Roaming\npm-cache\fbe1019c-pm-cache-anime-0-0-1-package-tgz.lock
18 silly lockFile 1f1177db-tar tar://.
19 silly lockFile 1f1177db-tar tar://.
20 silly lockFile fbe1019c-pm-cache-anime-0-0-1-package-tgz tar://C:\Users\Pouria\AppData\Roaming\npm-cache\anime\0.0.1\package.tgz
21 silly lockFile fbe1019c-pm-cache-anime-0-0-1-package-tgz tar://C:\Users\Pouria\AppData\Roaming\npm-cache\anime\0.0.1\package.tgz
22 silly lockFile 7e69fa37-ng-npm-cache-anime-0-0-1-package C:\Users\Pouria\AppData\Roaming\npm-cache\anime\0.0.1\package
23 verbose lock C:\Users\Pouria\AppData\Roaming\npm-cache\anime\0.0.1\package C:\Users\Pouria\AppData\Roaming\npm-cache\7e69fa37-ng-npm-cache-anime-0-0-1-package.lock
24 silly lockFile 7e69fa37-ng-npm-cache-anime-0-0-1-package C:\Users\Pouria\AppData\Roaming\npm-cache\anime\0.0.1\package
25 silly lockFile 7e69fa37-ng-npm-cache-anime-0-0-1-package C:\Users\Pouria\AppData\Roaming\npm-cache\anime\0.0.1\package
26 silly lockFile 3a52ce78- .
27 silly lockFile 3a52ce78- .
28 silly publish { name: 'anime',
28 silly publish   version: '0.0.1',
28 silly publish   description: 'Simple animator',
28 silly publish   main: 'js/Animator.js',
28 silly publish   scripts: { test: 'echo "Error: no test specified" && exit 1' },
28 silly publish   keywords: [ 'animator', 'animation', 'dom animation' ],
28 silly publish   author: { name: 'Pouria Maleki' },
28 silly publish   repository: { type: 'git', url: 'https://github.com/PouriaMaleki/Anime' },
28 silly publish   license: 'MIT',
28 silly publish   readme: 'Simple Animator\r\n===============\r\n\r\nSimply set only one request for animation on browser and handle your callback.\r\n\r\nIt request animation frame continuously if any animation exist.\r\n\r\nUse it like other Browserify/CommonJS modules.\r\n\r\nInstallation\r\n------------\r\n\r\n\r\n\t$ npm install anime\r\n\r\nAPI\r\n---\r\n\r\n    anime = require(\'anime\');\r\n\r\n    duration = 3000; // duration in ms\r\n\r\n    callback = function(progress){\r\n\r\n    \tconsole.log(progress);\r\n    \t// shows progress normal values(from 0 to 1)\r\n\r\n    }\r\n\r\n    handle = anime.animate(duration, callback);\r\n\r\n    handle.pause();\r\n\r\n    handle.continue();\r\n\r\n    handle.cancel();\r\n\r\n\r\n\r\n\r\nSample of multiple requests\r\n\r\n    handle1 = anime.animate(1000, callback1);\r\n    handle2 = anime.animate(2000, callback2);\r\n    handle3 = anime.animate(3000, callback3);\r\n\r\n',
28 silly publish   readmeFilename: 'readme.md',
28 silly publish   gitHead: '5f1c45d895f03fcb95715190f09a177c9b8d390d',
28 silly publish   bugs: { url: 'https://github.com/PouriaMaleki/Anime/issues' },
28 silly publish   homepage: 'https://github.com/PouriaMaleki/Anime',
28 silly publish   _id: 'anime@0.0.1',
28 silly publish   _shasum: '61c9a4a2f1c5d2c8688e10b955fb7e9bf7715daa',
28 silly publish   _from: '.' }
29 verbose request where is /anime
30 verbose request registry https://registry.npmjs.org/
31 verbose request id 5d682df45acd1773
32 verbose url raw /anime
33 verbose url resolving [ 'https://registry.npmjs.org/', './anime' ]
34 verbose url resolved https://registry.npmjs.org/anime
35 verbose request where is https://registry.npmjs.org/anime
36 info trying registry request attempt 1 at 10:46:01
37 http PUT https://registry.npmjs.org/anime
38 http 403 https://registry.npmjs.org/anime
39 verbose headers { date: 'Sat, 07 Mar 2015 07:16:09 GMT',
39 verbose headers   server: 'CouchDB/1.5.0 (Erlang OTP/R16B03)',
39 verbose headers   'content-type': 'application/json',
39 verbose headers   'cache-control': 'max-age=60',
39 verbose headers   'content-length': '2743',
39 verbose headers   'accept-ranges': 'bytes',
39 verbose headers   via: '1.1 varnish',
39 verbose headers   'x-served-by': 'cache-atl6222-ATL',
39 verbose headers   'x-cache': 'MISS',
39 verbose headers   'x-cache-hits': '0',
39 verbose headers   'x-timer': 'S1425712569.494410,VS0,VE83',
39 verbose headers   'keep-alive': 'timeout=10, max=50',
39 verbose headers   connection: 'Keep-Alive' }
40 error publish Failed PUT 403
41 error Error: forbidden user: pouriamaleki not authorized to modify anime
41 error Changed: description "Add/Remove/Update anime to myanimelist.net" -> "Simple animator"
41 error Changed: dist-tags.latest "0.1.2" -> "0.0.1"
41 error Added: versions.0.0.1
41 error Changed: readme "anime\u000a========\u000a\u000aCLI for Adding/Removing/Updating anime to myanimelist.net\u000a\u000ainstall\u000a--------\u000a\u000a    npm install -g anime\u000a\u000ausage\u000a--------\u000a\u000a    Usage: anime [options]\u000a\u000a    Options:\u000a\u000a    -h, --help                                output usage information\u000a    login, --login                            Login to MyAnimeList\u000a    logout, --logout                          Logout of MyAnimeList\u000a    add, --add <anime-name status(optional)>  Add an anime to your MyAnimeList, status is `completed` by default and can be watching|completed|onhold|dropped|plantowatch\u000a\u000a\u000alicense\u000a--------\u000a\u000aMIT, see `LICENSE`\u000a" -> "Simple Animator\u000d\u000a===============\u000d\u000a\u000d\u000aSimply set only one request for animation on browser and handle your callback.\u000d\u000a\u000d\u000aIt request animation frame continuously if any animation exist.\u000d\u000a\u000d\u000aUse it like other Browserify/CommonJS modules.\u000d\u000a\u000d\u000aInstallation\u000d\u000a------------\u000d\u000a\u000d\u000a\u000d\u000a\u0009$ npm install anime\u000d\u000a\u000d\u000aAPI\u000d\u000a---\u000d\u000a\u000d\u000a    anime = require('anime');\u000d\u000a\u000d\u000a    duration = 3000; // duration in ms\u000d\u000a\u000d\u000a    callback = function(progress){\u000d\u000a\u000d\u000a    \u0009console.log(progress);\u000d\u000a    \u0009// shows progress normal values(from 0 to 1)\u000d\u000a\u000d\u000a    }\u000d\u000a\u000d\u000a    handle = anime.animate(duration, callback);\u000d\u000a\u000d\u000a    handle.pause();\u000d\u000a\u000d\u000a    handle.continue();\u000d\u000a\u000d\u000a    handle.cancel();\u000d\u000a\u000d\u000a\u000d\u000a\u000d\u000a\u000d\u000aSample of multiple requests\u000d\u000a\u000d\u000a    handle1 = anime.animate(1000, callback1);\u000d\u000a    handle2 = anime.animate(2000, callback2);\u000d\u000a    handle3 = anime.animate(3000, callback3);\u000d\u000a\u000d\u000a"
41 error Changed: time.modified "2014-03-12T19:36:06.232Z" -> "2015-03-07T07:16:09.538Z"
41 error Added: time.0.0.1
41 error Changed: keywords.0 "anime" -> "animator"
41 error Added: keywords.1
41 error Added: keywords.2
41 error Changed: readmeFilename "README.md" -> "readme.md"
41 error Added: homepage
41 error Added: repository
41 error Added: author
41 error Added: bugs
41 error Added: _attachments: anime
41 error     at RegClient.<anonymous> (c:\Program Files\nodejs\node_modules\npm\node_modules\npm-registry-client\lib\request.js:300:14)
41 error     at Request._callback (c:\Program Files\nodejs\node_modules\npm\node_modules\npm-registry-client\lib\request.js:238:65)
41 error     at Request.self.callback (c:\Program Files\nodejs\node_modules\npm\node_modules\request\request.js:123:22)
41 error     at Request.emit (events.js:98:17)
41 error     at Request.<anonymous> (c:\Program Files\nodejs\node_modules\npm\node_modules\request\request.js:893:14)
41 error     at Request.emit (events.js:117:20)
41 error     at IncomingMessage.<anonymous> (c:\Program Files\nodejs\node_modules\npm\node_modules\request\request.js:844:12)
41 error     at IncomingMessage.emit (events.js:117:20)
41 error     at _stream_readable.js:938:16
41 error     at process._tickCallback (node.js:419:13)
42 error If you need help, you may report this *entire* log,
42 error including the npm and node versions, at:
42 error     <http://github.com/npm/npm/issues>
43 error System Windows_NT 6.1.7601
44 error command "c:\\Program Files\\nodejs\\node.exe" "c:\\Program Files\\nodejs\\node_modules\\npm\\bin\\npm-cli.js" "publish"
45 error cwd D:\xampp\htdocs\Animator
46 error node -v v0.10.30
47 error npm -v 1.4.21
48 verbose exit [ 1, true ]
